<?xml version="1.0" encoding="UTF-8"?>
<testsuite xmlns:xsi="http://www.w3.org/2001/XMLSchema-instance" xsi:noNamespaceSchemaLocation="https://maven.apache.org/surefire/maven-surefire-plugin/xsd/surefire-test-report-3.0.xsd" version="3.0" name="com.lkotlindb.LKotlinDBTest" time="0.185" tests="7" errors="0" skipped="0" failures="0">
  <properties>
    <property name="java.specification.version" value="21"/>
    <property name="sun.cpu.isalist" value="amd64"/>
    <property name="sun.jnu.encoding" value="Cp1251"/>
    <property name="java.class.path" value="C:\Users\Богдан\Desktop\LKotlinDB\target\test-classes;C:\Users\Богдан\Desktop\LKotlinDB\target\classes;C:\Users\Богдан\.m2\repository\org\jetbrains\kotlin\kotlin-stdlib\1.9.10\kotlin-stdlib-1.9.10.jar;C:\Users\Богдан\.m2\repository\org\jetbrains\kotlin\kotlin-stdlib-common\1.9.10\kotlin-stdlib-common-1.9.10.jar;C:\Users\Богдан\.m2\repository\org\jetbrains\annotations\13.0\annotations-13.0.jar;C:\Users\Богдан\.m2\repository\org\jetbrains\kotlinx\kotlinx-coroutines-core\1.7.3\kotlinx-coroutines-core-1.7.3.jar;C:\Users\Богдан\.m2\repository\org\jetbrains\kotlinx\kotlinx-coroutines-core-jvm\1.7.3\kotlinx-coroutines-core-jvm-1.7.3.jar;C:\Users\Богдан\.m2\repository\org\jetbrains\kotlin\kotlin-stdlib-jdk8\1.8.20\kotlin-stdlib-jdk8-1.8.20.jar;C:\Users\Богдан\.m2\repository\org\jetbrains\kotlin\kotlin-stdlib-jdk7\1.8.20\kotlin-stdlib-jdk7-1.8.20.jar;C:\Users\Богдан\.m2\repository\org\jetbrains\kotlinx\kotlinx-serialization-json\1.6.0\kotlinx-serialization-json-1.6.0.jar;C:\Users\Богдан\.m2\repository\org\jetbrains\kotlinx\kotlinx-serialization-json-jvm\1.6.0\kotlinx-serialization-json-jvm-1.6.0.jar;C:\Users\Богдан\.m2\repository\org\jetbrains\kotlinx\kotlinx-serialization-core-jvm\1.6.0\kotlinx-serialization-core-jvm-1.6.0.jar;C:\Users\Богдан\.m2\repository\com\google\code\gson\gson\2.10.1\gson-2.10.1.jar;C:\Users\Богдан\.m2\repository\org\apache\commons\commons-compress\1.24.0\commons-compress-1.24.0.jar;C:\Users\Богдан\.m2\repository\org\jetbrains\kotlin\kotlin-test-junit5\1.9.10\kotlin-test-junit5-1.9.10.jar;C:\Users\Богдан\.m2\repository\org\jetbrains\kotlin\kotlin-test\1.9.10\kotlin-test-1.9.10.jar;C:\Users\Богдан\.m2\repository\org\junit\jupiter\junit-jupiter-api\5.6.3\junit-jupiter-api-5.6.3.jar;C:\Users\Богдан\.m2\repository\org\apiguardian\apiguardian-api\1.1.0\apiguardian-api-1.1.0.jar;C:\Users\Богдан\.m2\repository\org\opentest4j\opentest4j\1.2.0\opentest4j-1.2.0.jar;C:\Users\Богдан\.m2\repository\org\junit\platform\junit-platform-commons\1.6.3\junit-platform-commons-1.6.3.jar;C:\Users\Богдан\.m2\repository\org\junit\jupiter\junit-jupiter-engine\5.6.3\junit-jupiter-engine-5.6.3.jar;C:\Users\Богдан\.m2\repository\org\junit\platform\junit-platform-engine\1.6.3\junit-platform-engine-1.6.3.jar;C:\Users\Богдан\.m2\repository\org\junit\jupiter\junit-jupiter\5.9.2\junit-jupiter-5.9.2.jar;C:\Users\Богдан\.m2\repository\org\junit\jupiter\junit-jupiter-params\5.9.2\junit-jupiter-params-5.9.2.jar;"/>
    <property name="java.vm.vendor" value="Eclipse Adoptium"/>
    <property name="sun.arch.data.model" value="64"/>
    <property name="user.variant" value=""/>
    <property name="java.vendor.url" value="https://adoptium.net/"/>
    <property name="user.timezone" value="Europe/Kiev"/>
    <property name="os.name" value="Windows 10"/>
    <property name="java.vm.specification.version" value="21"/>
    <property name="sun.java.launcher" value="SUN_STANDARD"/>
    <property name="user.country" value="UA"/>
    <property name="sun.boot.library.path" value="C:\Program Files\Eclipse Adoptium\jdk-21.0.5.11-hotspot\bin"/>
    <property name="sun.java.command" value="C:\Users\Богдан\AppData\Local\Temp\surefire5604650149277307855\surefirebooter-20250813191407582_3.jar C:\Users\Богдан\AppData\Local\Temp\surefire5604650149277307855 2025-08-13T19-14-07_450-jvmRun1 surefire-20250813191407582_1tmp surefire_0-20250813191407582_2tmp"/>
    <property name="jdk.debug" value="release"/>
    <property name="surefire.test.class.path" value="C:\Users\Богдан\Desktop\LKotlinDB\target\test-classes;C:\Users\Богдан\Desktop\LKotlinDB\target\classes;C:\Users\Богдан\.m2\repository\org\jetbrains\kotlin\kotlin-stdlib\1.9.10\kotlin-stdlib-1.9.10.jar;C:\Users\Богдан\.m2\repository\org\jetbrains\kotlin\kotlin-stdlib-common\1.9.10\kotlin-stdlib-common-1.9.10.jar;C:\Users\Богдан\.m2\repository\org\jetbrains\annotations\13.0\annotations-13.0.jar;C:\Users\Богдан\.m2\repository\org\jetbrains\kotlinx\kotlinx-coroutines-core\1.7.3\kotlinx-coroutines-core-1.7.3.jar;C:\Users\Богдан\.m2\repository\org\jetbrains\kotlinx\kotlinx-coroutines-core-jvm\1.7.3\kotlinx-coroutines-core-jvm-1.7.3.jar;C:\Users\Богдан\.m2\repository\org\jetbrains\kotlin\kotlin-stdlib-jdk8\1.8.20\kotlin-stdlib-jdk8-1.8.20.jar;C:\Users\Богдан\.m2\repository\org\jetbrains\kotlin\kotlin-stdlib-jdk7\1.8.20\kotlin-stdlib-jdk7-1.8.20.jar;C:\Users\Богдан\.m2\repository\org\jetbrains\kotlinx\kotlinx-serialization-json\1.6.0\kotlinx-serialization-json-1.6.0.jar;C:\Users\Богдан\.m2\repository\org\jetbrains\kotlinx\kotlinx-serialization-json-jvm\1.6.0\kotlinx-serialization-json-jvm-1.6.0.jar;C:\Users\Богдан\.m2\repository\org\jetbrains\kotlinx\kotlinx-serialization-core-jvm\1.6.0\kotlinx-serialization-core-jvm-1.6.0.jar;C:\Users\Богдан\.m2\repository\com\google\code\gson\gson\2.10.1\gson-2.10.1.jar;C:\Users\Богдан\.m2\repository\org\apache\commons\commons-compress\1.24.0\commons-compress-1.24.0.jar;C:\Users\Богдан\.m2\repository\org\jetbrains\kotlin\kotlin-test-junit5\1.9.10\kotlin-test-junit5-1.9.10.jar;C:\Users\Богдан\.m2\repository\org\jetbrains\kotlin\kotlin-test\1.9.10\kotlin-test-1.9.10.jar;C:\Users\Богдан\.m2\repository\org\junit\jupiter\junit-jupiter-api\5.6.3\junit-jupiter-api-5.6.3.jar;C:\Users\Богдан\.m2\repository\org\apiguardian\apiguardian-api\1.1.0\apiguardian-api-1.1.0.jar;C:\Users\Богдан\.m2\repository\org\opentest4j\opentest4j\1.2.0\opentest4j-1.2.0.jar;C:\Users\Богдан\.m2\repository\org\junit\platform\junit-platform-commons\1.6.3\junit-platform-commons-1.6.3.jar;C:\Users\Богдан\.m2\repository\org\junit\jupiter\junit-jupiter-engine\5.6.3\junit-jupiter-engine-5.6.3.jar;C:\Users\Богдан\.m2\repository\org\junit\platform\junit-platform-engine\1.6.3\junit-platform-engine-1.6.3.jar;C:\Users\Богдан\.m2\repository\org\junit\jupiter\junit-jupiter\5.9.2\junit-jupiter-5.9.2.jar;C:\Users\Богдан\.m2\repository\org\junit\jupiter\junit-jupiter-params\5.9.2\junit-jupiter-params-5.9.2.jar;"/>
    <property name="sun.cpu.endian" value="little"/>
    <property name="user.home" value="C:\Users\Богдан"/>
    <property name="user.language" value="uk"/>
    <property name="java.specification.vendor" value="Oracle Corporation"/>
    <property name="java.version.date" value="2024-10-15"/>
    <property name="java.home" value="C:\Program Files\Eclipse Adoptium\jdk-21.0.5.11-hotspot"/>
    <property name="file.separator" value="\"/>
    <property name="basedir" value="C:\Users\Богдан\Desktop\LKotlinDB"/>
    <property name="java.vm.compressedOopsMode" value="Zero based"/>
    <property name="line.separator" value="&#10;"/>
    <property name="java.vm.specification.vendor" value="Oracle Corporation"/>
    <property name="java.specification.name" value="Java Platform API Specification"/>
    <property name="surefire.real.class.path" value="C:\Users\Богдан\AppData\Local\Temp\surefire5604650149277307855\surefirebooter-20250813191407582_3.jar"/>
    <property name="user.script" value=""/>
    <property name="sun.management.compiler" value="HotSpot 64-Bit Tiered Compilers"/>
    <property name="java.runtime.version" value="21.0.5+11-LTS"/>
    <property name="user.name" value="Богдан"/>
    <property name="stdout.encoding" value="Cp1251"/>
    <property name="path.separator" value=";"/>
    <property name="os.version" value="10.0"/>
    <property name="java.runtime.name" value="OpenJDK Runtime Environment"/>
    <property name="file.encoding" value="UTF-8"/>
    <property name="java.vm.name" value="OpenJDK 64-Bit Server VM"/>
    <property name="java.vendor.version" value="Temurin-21.0.5+11"/>
    <property name="localRepository" value="C:\Users\Богдан\.m2\repository"/>
    <property name="java.vendor.url.bug" value="https://github.com/adoptium/adoptium-support/issues"/>
    <property name="java.io.tmpdir" value="C:\Users\9234~1\AppData\Local\Temp\"/>
    <property name="java.version" value="21.0.5"/>
    <property name="user.dir" value="C:\Users\Богдан\Desktop\LKotlinDB"/>
    <property name="os.arch" value="amd64"/>
    <property name="java.vm.specification.name" value="Java Virtual Machine Specification"/>
    <property name="sun.os.patch.level" value=""/>
    <property name="native.encoding" value="Cp1251"/>
    <property name="java.library.path" value="C:\Program Files\Eclipse Adoptium\jdk-21.0.5.11-hotspot\bin;C:\Windows\Sun\Java\bin;C:\Windows\system32;C:\Windows;C:\Program Files\PowerShell\7;C:\Program Files\Eclipse Adoptium\jdk-21.0.5.11-hotspot\bin;C:\Program Files (x86)\Common Files\Oracle\Java\java8path;C:\Program Files (x86)\Common Files\Oracle\Java\javapath;C:\Windows\system32;C:\Windows;C:\Windows\System32\Wbem;C:\Windows\System32\WindowsPowerShell\v1.0\;C:\Windows\System32\OpenSSH\;C:\Program Files\dotnet\;C:\Program Files\Mullvad VPN\resources;C:\Program Files\Git\cmd;C:\Program Files\nodejs\;C:\apache-maven-3.9.10;C:\Program Files\Microsoft SQL Server\150\Tools\Binn\;C:\Program Files\Microsoft SQL Server\Client SDK\ODBC\170\Tools\Binn\;C:\Program Files (x86)\Windows Kits\10\Windows Performance Toolkit\;C:\CMake;C:\CMake\cmake-4.1.0-rc1;C:\Program Files\CMake\bin;C:\msys64\mingw64\bin;C:\msys64\usr\bin;C:\Program Files\PowerShell\7\;C:\flutter;C:\flutter\bin;C:\Users\Богдан\AppData\Local\Programs\Python\Launcher\;C:\Users\Богдан\AppData\Local\Microsoft\WindowsApps;C:\Users\Богдан\AppData\Local\Programs\Microsoft VS Code\bin;C:\Users\Богдан\AppData\Local\GitHubDesktop\bin;C:\Program Files\JetBrains\PyCharm 2025.1.2\bin;;C:\Users\Богдан\AppData\Local\Programs\cursor\resources\app\bin;C:\Users\Богдан\AppData\Roaming\npm;C:\Program Files\JetBrains\IntelliJ IDEA 2025.1.3\bin;;C:\gradle-8.14.2\bin;C:\apache-maven-3.9.10;C:\apache-maven-3.9.10\bin;C:\Panda3D-1.10.15-x64\python;C:\Panda3D-1.10.15-x64\python\Scripts;C:\Panda3D-1.10.15-x64\bin;C:\Users\Богдан\.dotnet\tools;C:\Users\Bogdan2\Desktop\maven-mvnd-1.0.2-windows-amd64\bin;C:\Users\Bogdan2\Desktop\maven-mvnd-1.0.2-windows-amd64;C:\apache-maven-3.9.10\bin;C:\apache-maven-3.9.10;C:\Users\Богдан\AppData\Local\Programs\Windsurf\bin;."/>
    <property name="java.vm.info" value="mixed mode, sharing"/>
    <property name="stderr.encoding" value="Cp1251"/>
    <property name="java.vendor" value="Eclipse Adoptium"/>
    <property name="java.vm.version" value="21.0.5+11-LTS"/>
    <property name="sun.io.unicode.encoding" value="UnicodeLittle"/>
    <property name="java.class.version" value="65.0"/>
  </properties>
  <testcase name="testIndex" classname="com.lkotlindb.LKotlinDBTest" time="0.083"/>
  <testcase name="testQuery" classname="com.lkotlindb.LKotlinDBTest" time="0.07"/>
  <testcase name="testInMemoryDatabase" classname="com.lkotlindb.LKotlinDBTest" time="0.001"/>
  <testcase name="testInsertAndFind" classname="com.lkotlindb.LKotlinDBTest" time="0.004"/>
  <testcase name="testDelete" classname="com.lkotlindb.LKotlinDBTest" time="0.004"/>
  <testcase name="testCreateDatabase" classname="com.lkotlindb.LKotlinDBTest" time="0.002"/>
  <testcase name="testUpdate" classname="com.lkotlindb.LKotlinDBTest" time="0.003"/>
</testsuite>